<?xml version="1.0" encoding="UTF-8"?>
<testng-results ignored="0" total="3" passed="3" failed="0" skipped="0">
  <reporter-output>
  </reporter-output>
  <suite started-at="2022-05-22T00:44:10 CDT" name="Suite" finished-at="2022-05-22T00:44:36 CDT" duration-ms="25753">
    <groups>
    </groups>
    <test started-at="2022-05-22T00:44:10 CDT" name="RegisterUser" finished-at="2022-05-22T00:44:19 CDT" duration-ms="8872">
      <class name="com.superheroes.tests.UserCreationTest">
        <test-method is-config="true" signature="setUp()[pri:0, instance:com.superheroes.tests.UserCreationTest@30b7c004]" started-at="2022-05-22T00:44:10 CDT" name="setUp" finished-at="2022-05-22T00:44:14 CDT" duration-ms="4016" status="PASS">
          <reporter-output>
          </reporter-output>
        </test-method> <!-- setUp -->
        <test-method signature="registerUser(java.lang.String, java.lang.String)[pri:0, instance:com.superheroes.tests.UserCreationTest@30b7c004]" started-at="2022-05-22T00:44:14 CDT" name="registerUser" finished-at="2022-05-22T00:44:18 CDT" duration-ms="4538" status="PASS">
          <params>
            <param index="0">
              <value>
                <![CDATA[thor0019]]>
              </value>
            </param>
            <param index="1">
              <value>
                <![CDATA[thor0019]]>
              </value>
            </param>
          </params>
          <reporter-output>
          </reporter-output>
        </test-method> <!-- registerUser -->
        <test-method is-config="true" signature="tearDown()[pri:0, instance:com.superheroes.tests.UserCreationTest@30b7c004]" started-at="2022-05-22T00:44:19 CDT" name="tearDown" finished-at="2022-05-22T00:44:19 CDT" duration-ms="272" status="PASS">
          <reporter-output>
          </reporter-output>
        </test-method> <!-- tearDown -->
      </class> <!-- com.superheroes.tests.UserCreationTest -->
    </test> <!-- RegisterUser -->
    <test started-at="2022-05-22T00:44:19 CDT" name="Challenge_TakeBus" finished-at="2022-05-22T00:44:28 CDT" duration-ms="9537">
      <class name="com.superheroes.tests.TakethebusChallengeTest">
        <test-method is-config="true" signature="setUp()[pri:0, instance:com.superheroes.tests.TakethebusChallengeTest@51e5fc98]" started-at="2022-05-22T00:44:19 CDT" name="setUp" finished-at="2022-05-22T00:44:21 CDT" duration-ms="2603" status="PASS">
          <reporter-output>
          </reporter-output>
        </test-method> <!-- setUp -->
        <test-method signature="test(java.lang.String, java.lang.String)[pri:0, instance:com.superheroes.tests.TakethebusChallengeTest@51e5fc98]" started-at="2022-05-22T00:44:21 CDT" name="test" finished-at="2022-05-22T00:44:28 CDT" duration-ms="6719" status="PASS">
          <params>
            <param index="0">
              <value>
                <![CDATA[thor0019]]>
              </value>
            </param>
            <param index="1">
              <value>
                <![CDATA[thor0019]]>
              </value>
            </param>
          </params>
          <reporter-output>
          </reporter-output>
        </test-method> <!-- test -->
        <test-method is-config="true" signature="tearDown()[pri:0, instance:com.superheroes.tests.TakethebusChallengeTest@51e5fc98]" started-at="2022-05-22T00:44:28 CDT" name="tearDown" finished-at="2022-05-22T00:44:28 CDT" duration-ms="209" status="PASS">
          <reporter-output>
          </reporter-output>
        </test-method> <!-- tearDown -->
      </class> <!-- com.superheroes.tests.TakethebusChallengeTest -->
    </test> <!-- Challenge_TakeBus -->
    <test started-at="2022-05-22T00:44:28 CDT" name="Challenge_PublicPlace" finished-at="2022-05-22T00:44:36 CDT" duration-ms="7304">
      <class name="com.superheroes.tests.GoToAPublicPlaceTest">
        <test-method is-config="true" signature="setUp()[pri:0, instance:com.superheroes.tests.GoToAPublicPlaceTest@6d2a209c]" started-at="2022-05-22T00:44:28 CDT" name="setUp" finished-at="2022-05-22T00:44:31 CDT" duration-ms="2461" status="PASS">
          <reporter-output>
          </reporter-output>
        </test-method> <!-- setUp -->
        <test-method signature="test(java.lang.String, java.lang.String)[pri:0, instance:com.superheroes.tests.GoToAPublicPlaceTest@6d2a209c]" started-at="2022-05-22T00:44:31 CDT" name="test" finished-at="2022-05-22T00:44:35 CDT" duration-ms="4621" status="PASS">
          <params>
            <param index="0">
              <value>
                <![CDATA[thor0019]]>
              </value>
            </param>
            <param index="1">
              <value>
                <![CDATA[thor0019]]>
              </value>
            </param>
          </params>
          <reporter-output>
          </reporter-output>
        </test-method> <!-- test -->
        <test-method is-config="true" signature="tearDown()[pri:0, instance:com.superheroes.tests.GoToAPublicPlaceTest@6d2a209c]" started-at="2022-05-22T00:44:35 CDT" name="tearDown" finished-at="2022-05-22T00:44:36 CDT" duration-ms="219" status="PASS">
          <reporter-output>
          </reporter-output>
        </test-method> <!-- tearDown -->
      </class> <!-- com.superheroes.tests.GoToAPublicPlaceTest -->
    </test> <!-- Challenge_PublicPlace -->
  </suite> <!-- Suite -->
</testng-results>
