<?xml version="1.0" encoding="UTF-8"?>
<!-- Generated by org.testng.reporters.JUnitXMLReporter -->
<testsuite ignored="0" hostname="Dericks-MacBook-Pro.local" failures="0" tests="6" name="Default test" time="8.291" errors="0" timestamp="2022-05-22T01:56:56 CDT">
  <testcase classname="com.supervillain.tests.Covid19TheGameVillain" name="testSuperVillainVerifyToken" time="3.569"/>
  <testcase classname="com.supervillain.tests.Covid19TheGameVillain" name="testAddNewUser" time="0.758"/>
  <testcase classname="com.supervillain.tests.Covid19TheGameVillain" name="testListofUsers" time="1.713"/>
  <testcase classname="com.supervillain.tests.Covid19TheGameVillain" name="testUserRegistration" time="0.709"/>
  <testcase classname="com.supervillain.tests.Covid19TheGameVillain" name="testUpdateUser" time="0.74"/>
  <testcase classname="com.supervillain.tests.Covid19TheGameVillain" name="testUserLogin" time="0.715"/>
</testsuite> <!-- Default test -->
